<?xml version="1.0" encoding="UTF-8"?>
<!-- Generated by org.testng.reporters.JUnitReportReporter -->
<testsuite hostname="Bangaru" failures="0" tests="1" name="restAssuredScripts.DELETE" time="4.430" errors="0" timestamp="2022-02-21T17:39:01 IST" skipped="0">
  <testcase classname="restAssuredScripts.DELETE" name="test_01" time="4.430"/>
  <system-out/>
</testsuite> <!-- restAssuredScripts.DELETE -->
