<?xml version="1.0" encoding="UTF-8"?>
<!-- Generated by org.testng.reporters.JUnitReportReporter -->
<testsuite hostname="DESKTOP-F6MI7JJ" failures="0" tests="1" name="assignment2.GET" time="2.122" errors="0" timestamp="2022-02-03T16:01:09 IST" skipped="0">
  <testcase classname="assignment2.GET" name="test_01" time="2.122"/>
  <system-out/>
</testsuite> <!-- assignment2.GET -->
