<?xml version="1.0" encoding="UTF-8"?>
<!-- Generated by org.testng.reporters.JUnitReportReporter -->
<testsuite hostname="DESKTOP-F6MI7JJ" failures="0" tests="1" name="assignment2.POST" time="4.289" errors="0" timestamp="2022-02-04T11:49:02 IST" skipped="0">
  <testcase classname="assignment2.POST" name="test1" time="4.289"/>
  <system-out/>
</testsuite> <!-- assignment2.POST -->
