<?xml version="1.0" encoding="UTF-8"?>
<!-- Generated by org.testng.reporters.JUnitReportReporter -->
<testsuite hostname="DESKTOP-F6MI7JJ" failures="0" tests="3" name="dataprovider" time="3.343" errors="0" timestamp="2022-02-07T01:55:03 IST" skipped="0">
  <testcase classname="dataprovider" name="test_post" time="2.633"/>
  <system-out/>
  <testcase classname="dataprovider" name="test_post" time="0.371"/>
  <system-out/>
  <testcase classname="dataprovider" name="test_post" time="0.339"/>
  <system-out/>
</testsuite> <!-- dataprovider -->
