<?xml version="1.0" encoding="UTF-8"?>
<!-- Generated by org.testng.reporters.JUnitReportReporter -->
<testsuite hostname="DESKTOP-F6MI7JJ" failures="0" tests="3" name="assertions.Assertion" time="4.537" errors="0" timestamp="2022-02-04T11:52:57 IST" skipped="0">
  <testcase classname="assertions.Assertion" name="test1" time="3.136"/>
  <system-out/>
  <testcase classname="assertions.Assertion" name="test_2" time="1.299"/>
  <system-out/>
  <testcase classname="assertions.Assertion" name="test_1" time="0.102"/>
  <system-out/>
</testsuite> <!-- assertions.Assertion -->
