<?xml version="1.0" encoding="UTF-8"?>
<!-- Generated by org.testng.reporters.JUnitReportReporter -->
<testsuite hostname="DESKTOP-F6MI7JJ" failures="0" tests="1" name="assignment2.PUT" time="3.467" errors="0" timestamp="2022-02-04T11:36:16 IST" skipped="0">
  <testcase classname="assignment2.PUT" name="test_1" time="3.467"/>
  <system-out/>
</testsuite> <!-- assignment2.PUT -->
