<?xml version="1.0" encoding="UTF-8"?>
<!-- Generated by org.testng.reporters.JUnitReportReporter -->
<testsuite hostname="Bangaru" failures="0" tests="1" name="restAssuredScripts.POST" time="4.705" errors="0" timestamp="2022-02-21T20:28:21 IST" skipped="0">
  <testcase classname="restAssuredScripts.POST" name="test1" time="4.705"/>
  <system-out/>
</testsuite> <!-- restAssuredScripts.POST -->
