<?xml version="1.0" encoding="UTF-8"?>
<!-- Generated by org.testng.reporters.JUnitReportReporter -->
<testsuite hostname="DESKTOP-F6MI7JJ" failures="0" tests="1" name="assignment2.DELETE" time="2.440" errors="0" timestamp="2022-02-03T16:00:45 IST" skipped="0">
  <testcase classname="assignment2.DELETE" name="test_01" time="2.440"/>
  <system-out/>
</testsuite> <!-- assignment2.DELETE -->
