<?xml version="1.0" encoding="UTF-8"?>
<!-- Generated by org.testng.reporters.JUnitReportReporter -->
<testsuite hostname="Bangaru" failures="0" tests="1" name="restAssuredScripts.GET" time="4.859" errors="0" timestamp="2022-02-21T20:28:03 IST" skipped="0">
  <testcase classname="restAssuredScripts.GET" name="test_01" time="4.859"/>
  <system-out/>
</testsuite> <!-- restAssuredScripts.GET -->
