<?xml version="1.0" encoding="UTF-8"?>
<!-- Generated by org.testng.reporters.JUnitReportReporter -->
<testsuite hostname="LAPTOP-28BM3ARG" failures="0" tests="1" name="assignment3.Assertion" time="2.291" errors="0" timestamp="2022-02-02T21:30:50 IST" skipped="0">
  <testcase classname="assignment3.Assertion" name="test_2" time="2.291"/>
  <system-out/>
</testsuite> <!-- assignment3.Assertion -->
