<?xml version="1.0" encoding="UTF-8"?>
<!-- Generated by org.testng.reporters.JUnitReportReporter -->
<testsuite hostname="DESKTOP-F6MI7JJ" failures="0" tests="5" name="parameterization.Datadriven" time="5.089" errors="0" timestamp="2022-02-04T12:57:35 IST" skipped="0">
  <testcase classname="parameterization.Datadriven" name="test_post" time="0.409"/>
  <system-out/>
  <testcase classname="parameterization.Datadriven" name="test_post" time="0.420"/>
  <system-out/>
  <testcase classname="parameterization.Datadriven" name="test_post" time="3.448"/>
  <system-out/>
  <testcase classname="parameterization.Datadriven" name="test_post" time="0.409"/>
  <system-out/>
  <testcase classname="parameterization.Datadriven" name="test_post" time="0.403"/>
  <system-out/>
</testsuite> <!-- parameterization.Datadriven -->
